kotlin version: 2.2.10
error message: java.lang.RuntimeException: Exception while generating code for:
FUN name:LoginScreen visibility:public modality:FINAL returnType:kotlin.Unit
  VALUE_PARAMETER kind:Regular name:onLoginTradicional index:0 type:kotlin.Function2<kotlin.String, kotlin.String, kotlin.Unit>
  VALUE_PARAMETER kind:Regular name:onLoginBiometrico index:1 type:kotlin.Function0<kotlin.Unit>
  annotations:
    OptIn(markerClass = [CLASS_REFERENCE 'CLASS IR_EXTERNAL_DECLARATION_STUB ANNOTATION_CLASS name:ExperimentalMaterial3Api modality:OPEN visibility:public superTypes:[kotlin.Annotation]' type=kotlin.reflect.KClass<androidx.compose.material3.ExperimentalMaterial3Api>] type=kotlin.Array<out kotlin.reflect.KClass<out kotlin.Annotation>> varargElementType=kotlin.reflect.KClass<out kotlin.Annotation>)
    Composable
  BLOCK_BODY
    VAR PROPERTY_DELEGATE name:usuario$delegate type:androidx.compose.runtime.MutableState<kotlin.String> [val]
      CALL 'public final fun remember <T> (calculation: @[DisallowComposableCalls] kotlin.Function0<T of androidx.compose.runtime.ComposablesKt.remember>): T of androidx.compose.runtime.ComposablesKt.remember [inline] declared in androidx.compose.runtime.ComposablesKt' type=androidx.compose.runtime.MutableState<kotlin.String> origin=null
        TYPE_ARG T: androidx.compose.runtime.MutableState<kotlin.String>
        ARG calculation: BLOCK type=kotlin.Function0<androidx.compose.runtime.MutableState<kotlin.String>> origin=LAMBDA
          COMPOSITE type=kotlin.Unit origin=null
          FUNCTION_REFERENCE 'private final fun LoginScreen$lambda$0 (): androidx.compose.runtime.MutableState<kotlin.String> declared in com.example.android.MainActivityKt' type=kotlin.Function0<androidx.compose.runtime.MutableState<kotlin.String>> origin=INLINE_LAMBDA reflectionTarget=null
    VAR PROPERTY_DELEGATE name:contrasena$delegate type:androidx.compose.runtime.MutableState<kotlin.String> [val]
      CALL 'public final fun remember <T> (calculation: @[DisallowComposableCalls] kotlin.Function0<T of androidx.compose.runtime.ComposablesKt.remember>): T of androidx.compose.runtime.ComposablesKt.remember [inline] declared in androidx.compose.runtime.ComposablesKt' type=androidx.compose.runtime.MutableState<kotlin.String> origin=null
        TYPE_ARG T: androidx.compose.runtime.MutableState<kotlin.String>
        ARG calculation: BLOCK type=kotlin.Function0<androidx.compose.runtime.MutableState<kotlin.String>> origin=LAMBDA
          COMPOSITE type=kotlin.Unit origin=null
          FUNCTION_REFERENCE 'private final fun LoginScreen$lambda$3 (): androidx.compose.runtime.MutableState<kotlin.String> declared in com.example.android.MainActivityKt' type=kotlin.Function0<androidx.compose.runtime.MutableState<kotlin.String>> origin=INLINE_LAMBDA reflectionTarget=null
    VAR name:progresoAnimacion type:androidx.compose.animation.core.Animatable<kotlin.Float, androidx.compose.animation.core.AnimationVector1D> [val]
      CALL 'public final fun remember <T> (calculation: @[DisallowComposableCalls] kotlin.Function0<T of androidx.compose.runtime.ComposablesKt.remember>): T of androidx.compose.runtime.ComposablesKt.remember [inline] declared in androidx.compose.runtime.ComposablesKt' type=androidx.compose.animation.core.Animatable<kotlin.Float, androidx.compose.animation.core.AnimationVector1D> origin=null
        TYPE_ARG T: androidx.compose.animation.core.Animatable<kotlin.Float, androidx.compose.animation.core.AnimationVector1D>
        ARG calculation: BLOCK type=kotlin.Function0<androidx.compose.animation.core.Animatable<kotlin.Float, androidx.compose.animation.core.AnimationVector1D>> origin=LAMBDA
          COMPOSITE type=kotlin.Unit origin=null
          FUNCTION_REFERENCE 'private final fun LoginScreen$lambda$6 (): androidx.compose.animation.core.Animatable<kotlin.Float, androidx.compose.animation.core.AnimationVector1D> declared in com.example.android.MainActivityKt' type=kotlin.Function0<androidx.compose.animation.core.Animatable<kotlin.Float, androidx.compose.animation.core.AnimationVector1D>> origin=INLINE_LAMBDA reflectionTarget=null
    VAR name:animacionSpec type:androidx.compose.animation.core.TweenSpec<kotlin.Float> [val]
      TYPE_OP type=androidx.compose.animation.core.TweenSpec<kotlin.Float> origin=IMPLICIT_CAST typeOperand=androidx.compose.animation.core.TweenSpec<kotlin.Float>
        CALL 'public final fun tween$default <T> (durationMillis: kotlin.Int, delayMillis: kotlin.Int, easing: androidx.compose.animation.core.Easing?, $mask0: kotlin.Int, $handler: kotlin.Any?): androidx.compose.animation.core.TweenSpec<T of androidx.compose.animation.core.AnimationSpecKt.tween$default> declared in androidx.compose.animation.core.AnimationSpecKt' type=androidx.compose.animation.core.TweenSpec<T of androidx.compose.animation.core.AnimationSpecKt.tween$default> origin=DEFAULT_DISPATCH_CALL
          TYPE_ARG T: kotlin.Float
          ARG durationMillis: CONST Int type=kotlin.Int value=600
          ARG delayMillis: COMPOSITE type=kotlin.Int origin=DEFAULT_VALUE
            CONST Int type=kotlin.Int value=0
          ARG easing: CALL 'public final fun <get-FastOutSlowInEasing> (): androidx.compose.animation.core.Easing declared in androidx.compose.animation.core.EasingKt' type=androidx.compose.animation.core.Easing origin=GET_PROPERTY
          ARG $mask0: CONST Int type=kotlin.Int value=2
          ARG $handler: CONST Null type=kotlin.Any? value=null
    CALL 'public final fun LaunchedEffect (key1: kotlin.Any?, block: @[ExtensionFunctionType] kotlin.coroutines.SuspendFunction1<kotlinx.coroutines.CoroutineScope, kotlin.Unit>): kotlin.Unit declared in androidx.compose.runtime.EffectsKt' type=kotlin.Unit origin=null
      ARG key1: GET_FIELD 'FIELD FIELD_FOR_OBJECT_INSTANCE name:INSTANCE type:kotlin.Unit visibility:public [final,static] declared in kotlin.Unit' type=kotlin.Unit origin=null
      ARG block: BLOCK type=com.example.android.MainActivityKt.LoginScreen.<no name provided> origin=null
        CLASS SUSPEND_LAMBDA CLASS name:<no name provided> modality:FINAL visibility:public/*package*/ superTypes:[kotlin.coroutines.jvm.internal.SuspendLambda; kotlin.jvm.functions.Function2<kotlinx.coroutines.CoroutineScope, kotlin.coroutines.Continuation<kotlin.Unit>?, kotlin.Any?>]
          thisReceiver: VALUE_PARAMETER INSTANCE_RECEIVER kind:DispatchReceiver name:<this> type:com.example.android.MainActivityKt.LoginScreen.<no name provided>
          FIELD name:label type:kotlin.Int visibility:public/*package*/
          CONSTRUCTOR SUSPEND_LAMBDA visibility:public/*package*/ returnType:com.example.android.MainActivityKt.LoginScreen.<no name provided> [primary]
            VALUE_PARAMETER BOUND_VALUE_PARAMETER kind:Regular name:$progresoAnimacion index:0 type:androidx.compose.animation.core.Animatable<kotlin.Float, androidx.compose.animation.core.AnimationVector1D>
            VALUE_PARAMETER BOUND_VALUE_PARAMETER kind:Regular name:$animacionSpec index:1 type:androidx.compose.animation.core.TweenSpec<kotlin.Float>
            VALUE_PARAMETER kind:Regular name:$completion index:2 type:kotlin.coroutines.Continuation<com.example.android.MainActivityKt.LoginScreen.<no name provided>>?
            BLOCK_BODY
              SET_FIELD 'FIELD FIELD_FOR_CAPTURED_VALUE name:$progresoAnimacion type:androidx.compose.animation.core.Animatable<kotlin.Float, androidx.compose.animation.core.AnimationVector1D> visibility:public/*package*/ [final] declared in com.example.android.MainActivityKt.LoginScreen.<no name provided>' type=kotlin.Unit origin=INITIALIZER_OF_FIELD_FOR_CAPTURED_VALUE
                receiver: GET_VAR '<this>: com.example.android.MainActivityKt.LoginScreen.<no name provided> declared in com.example.android.MainActivityKt.LoginScreen.<no name provided>' type=com.example.android.MainActivityKt.LoginScreen.<no name provided> origin=null
                value: GET_VAR '$progresoAnimacion: androidx.compose.animation.core.Animatable<kotlin.Float, androidx.compose.animation.core.AnimationVector1D> declared in com.example.android.MainActivityKt.LoginScreen.<no name provided>.<init>' type=androidx.compose.animation.core.Animatable<kotlin.Float, androidx.compose.animation.core.AnimationVector1D> origin=null
              SET_FIELD 'FIELD FIELD_FOR_CAPTURED_VALUE name:$animacionSpec type:androidx.compose.animation.core.TweenSpec<kotlin.Float> visibility:public/*package*/ [final] declared in com.example.android.MainActivityKt.LoginScreen.<no name provided>' type=kotlin.Unit origin=INITIALIZER_OF_FIELD_FOR_CAPTURED_VALUE
                receiver: GET_VAR '<this>: com.example.android.MainActivityKt.LoginScreen.<no name provided> declared in com.example.android.MainActivityKt.LoginScreen.<no name provided>' type=com.example.android.MainActivityKt.LoginScreen.<no name provided> origin=null
                value: GET_VAR '$animacionSpec: androidx.compose.animation.core.TweenSpec<kotlin.Float> declared in com.example.android.MainActivityKt.LoginScreen.<no name provided>.<init>' type=androidx.compose.animation.core.TweenSpec<kotlin.Float> origin=null
              DELEGATING_CONSTRUCTOR_CALL 'public constructor <init> (arity: kotlin.Int, $completion: kotlin.coroutines.Continuation<kotlin.Any?>?) declared in kotlin.coroutines.jvm.internal.SuspendLambda'
                ARG arity: CONST Int type=kotlin.Int value=2
                ARG $completion: GET_VAR '$completion: kotlin.coroutines.Continuation<com.example.android.MainActivityKt.LoginScreen.<no name provided>>? declared in com.example.android.MainActivityKt.LoginScreen.<no name provided>.<init>' type=kotlin.coroutines.Continuation<com.example.android.MainActivityKt.LoginScreen.<no name provided>>? origin=null
              BLOCK type=kotlin.Unit origin=null
          FUN name:invokeSuspend visibility:public modality:FINAL returnType:kotlin.Any?
            VALUE_PARAMETER INSTANCE_RECEIVER kind:DispatchReceiver name:<this> index:0 type:com.example.android.MainActivityKt.LoginScreen.<no name provided>
            VALUE_PARAMETER kind:Regular name:$result index:1 type:kotlin.Result<kotlin.Any?>
            overridden:
              protected abstract fun invokeSuspend ($result: kotlin.Result<kotlin.Any?>): kotlin.Any? declared in kotlin.coroutines.jvm.internal.SuspendLambda
            BLOCK_BODY
              CALL 'public final fun delay (timeMillis: kotlin.Long, $completion: kotlin.coroutines.Continuation<kotlin.Unit>): kotlin.Any? [suspend] declared in kotlinx.coroutines.DelayKt' type=kotlin.Unit origin=null
                ARG timeMillis: CONST Long type=kotlin.Long value=2000
                ARG $completion: GET_VAR '<this>: com.example.android.MainActivityKt.LoginScreen.<no name provided> declared in com.example.android.MainActivityKt.LoginScreen.<no name provided>.invokeSuspend' type=com.example.android.MainActivityKt.LoginScreen.<no name provided> origin=null
              COMPOSITE type=kotlin.Unit origin=null
                TYPE_OP type=androidx.compose.animation.core.AnimationResult<kotlin.Float, androidx.compose.animation.core.AnimationVector1D> origin=IMPLICIT_CAST typeOperand=androidx.compose.animation.core.AnimationResult<kotlin.Float, androidx.compose.animation.core.AnimationVector1D>
                  CALL 'public final fun animateTo$default ($this: androidx.compose.animation.core.Animatable<T of androidx.compose.animation.core.Animatable, V of androidx.compose.animation.core.Animatable>, targetValue: T of androidx.compose.animation.core.Animatable, animationSpec: androidx.compose.animation.core.AnimationSpec<T of androidx.compose.animation.core.Animatable>?, initialVelocity: T of androidx.compose.animation.core.Animatable?, block: @[ExtensionFunctionType] kotlin.Function1<androidx.compose.animation.core.Animatable<T of androidx.compose.animation.core.Animatable, V of androidx.compose.animation.core.Animatable>, kotlin.Unit>?, $completion: kotlin.coroutines.Continuation<androidx.compose.animation.core.AnimationResult<T of androidx.compose.animation.core.Animatable, V of androidx.compose.animation.core.Animatable>>, $mask0: kotlin.Int, $handler: kotlin.Any?): kotlin.Any? [suspend] declared in androidx.compose.animation.core.Animatable' type=androidx.compose.animation.core.AnimationResult<T of androidx.compose.animation.core.Animatable, V of androidx.compose.animation.core.Animatable> origin=DEFAULT_DISPATCH_CALL
                    ARG $this: GET_FIELD 'FIELD FIELD_FOR_CAPTURED_VALUE name:$progresoAnimacion type:androidx.compose.animation.core.Animatable<kotlin.Float, androidx.compose.animation.core.AnimationVector1D> visibility:public/*package*/ [final] declared in com.example.android.MainActivityKt.LoginScreen.<no name provided>' type=androidx.compose.animation.core.Animatable<kotlin.Float, androidx.compose.animation.core.AnimationVector1D> origin=null
                      receiver: GET_VAR '<this>: com.example.android.MainActivityKt.LoginScreen.<no name provided> declared in com.example.android.MainActivityKt.LoginScreen.<no name provided>.invokeSuspend' type=com.example.android.MainActivityKt.LoginScreen.<no name provided> origin=null
                    ARG targetValue: CONST Float type=kotlin.Float value=1.0
                    ARG animationSpec: GET_FIELD 'FIELD FIELD_FOR_CAPTURED_VALUE name:$animacionSpec type:androidx.compose.animation.core.TweenSpec<kotlin.Float> visibility:public/*package*/ [final] declared in com.example.android.MainActivityKt.LoginScreen.<no name provided>' type=androidx.compose.animation.core.TweenSpec<kotlin.Float> origin=null
                      receiver: GET_VAR '<this>: com.example.android.MainActivityKt.LoginScreen.<no name provided> declared in com.example.android.MainActivityKt.LoginScreen.<no name provided>.invokeSuspend' type=com.example.android.MainActivityKt.LoginScreen.<no name provided> origin=null
                    ARG initialVelocity: COMPOSITE type=T of androidx.compose.animation.core.Animatable? origin=DEFAULT_VALUE
                      CONST Null type=kotlin.Any? value=null
                    ARG block: COMPOSITE type=@[ExtensionFunctionType] kotlin.Function1<androidx.compose.animation.core.Animatable<T of androidx.compose.animation.core.Animatable, V of androidx.compose.animation.core.Animatable>, kotlin.Unit>? origin=DEFAULT_VALUE
                      CONST Null type=@[ExtensionFunctionType] kotlin.Function1<androidx.compose.animation.core.Animatable<T of androidx.compose.animation.core.Animatable, V of androidx.compose.animation.core.Animatable>, kotlin.Unit>? value=null
                    ARG $completion: GET_VAR '<this>: com.example.android.MainActivityKt.LoginScreen.<no name provided> declared in com.example.android.MainActivityKt.LoginScreen.<no name provided>.invokeSuspend' type=com.example.android.MainActivityKt.LoginScreen.<no name provided> origin=null
                    ARG $mask0: CONST Int type=kotlin.Int value=12
                    ARG $handler: CONST Null type=kotlin.Any? value=null
                COMPOSITE type=kotlin.Unit origin=null
          FUN name:create visibility:public modality:FINAL returnType:kotlin.coroutines.Continuation<kotlin.Unit>
            VALUE_PARAMETER INSTANCE_RECEIVER kind:DispatchReceiver name:<this> index:0 type:com.example.android.MainActivityKt.LoginScreen.<no name provided>
            VALUE_PARAMETER kind:Regular name:value index:1 type:kotlin.Any?
            VALUE_PARAMETER kind:Regular name:$completion index:2 type:kotlin.coroutines.Continuation<kotlin.Nothing>
            overridden:
              public open fun create (value: kotlin.Any?, $completion: kotlin.coroutines.Continuation<kotlin.Nothing>): kotlin.coroutines.Continuation<kotlin.Unit> declared in kotlin.coroutines.jvm.internal.SuspendLambda
            BLOCK_BODY
              RETURN type=kotlin.Nothing from='public final fun create (value: kotlin.Any?, $completion: kotlin.coroutines.Continuation<kotlin.Nothing>): kotlin.coroutines.Continuation<kotlin.Unit> declared in com.example.android.MainActivityKt.LoginScreen.<no name provided>'
                CONSTRUCTOR_CALL 'public/*package*/ constructor <init> ($progresoAnimacion: androidx.compose.animation.core.Animatable<kotlin.Float, androidx.compose.animation.core.AnimationVector1D>, $animacionSpec: androidx.compose.animation.core.TweenSpec<kotlin.Float>, $completion: kotlin.coroutines.Continuation<com.example.android.MainActivityKt.LoginScreen.<no name provided>>?) [primary] declared in com.example.android.MainActivityKt.LoginScreen.<no name provided>' type=com.example.android.MainActivityKt.LoginScreen.<no name provided> origin=null
                  ARG $progresoAnimacion: GET_FIELD 'FIELD FIELD_FOR_CAPTURED_VALUE name:$progresoAnimacion type:androidx.compose.animation.core.Animatable<kotlin.Float, androidx.compose.animation.core.AnimationVector1D> visibility:public/*package*/ [final] declared in com.example.android.MainActivityKt.LoginScreen.<no name provided>' type=androidx.compose.animation.core.Animatable<kotlin.Float, androidx.compose.animation.core.AnimationVector1D> origin=null
                    receiver: GET_VAR '<this>: com.example.android.MainActivityKt.LoginScreen.<no name provided> declared in com.example.android.MainActivityKt.LoginScreen.<no name provided>.create' type=com.example.android.MainActivityKt.LoginScreen.<no name provided> origin=null
                  ARG $animacionSpec: GET_FIELD 'FIELD FIELD_FOR_CAPTURED_VALUE name:$animacionSpec type:androidx.compose.animation.core.TweenSpec<kotlin.Float> visibility:public/*package*/ [final] declared in com.example.android.MainActivityKt.LoginScreen.<no name provided>' type=androidx.compose.animation.core.TweenSpec<kotlin.Float> origin=null
                    receiver: GET_VAR '<this>: com.example.android.MainActivityKt.LoginScreen.<no name provided> declared in com.example.android.MainActivityKt.LoginScreen.<no name provided>.create' type=com.example.android.MainActivityKt.LoginScreen.<no name provided> origin=null
                  ARG $completion: GET_VAR '$completion: kotlin.coroutines.Continuation<kotlin.Nothing> declared in com.example.android.MainActivityKt.LoginScreen.<no name provided>.create' type=kotlin.coroutines.Continuation<kotlin.Nothing> origin=null
          FUN name:invoke visibility:public modality:FINAL returnType:kotlin.Any?
            VALUE_PARAMETER INSTANCE_RECEIVER kind:DispatchReceiver name:<this> index:0 type:com.example.android.MainActivityKt.LoginScreen.<no name provided>
            VALUE_PARAMETER kind:Regular name:p1 index:1 type:kotlinx.coroutines.CoroutineScope
            VALUE_PARAMETER kind:Regular name:p2 index:2 type:kotlin.coroutines.Continuation<kotlin.Unit>?
            overridden:
              public abstract fun invoke (p1: P1 of kotlin.jvm.functions.Function2, p2: P2 of kotlin.jvm.functions.Function2): R of kotlin.jvm.functions.Function2 declared in kotlin.jvm.functions.Function2
            BLOCK_BODY
              RETURN type=kotlin.Nothing from='public final fun invoke (p1: kotlinx.coroutines.CoroutineScope, p2: kotlin.coroutines.Continuation<kotlin.Unit>?): kotlin.Any? declared in com.example.android.MainActivityKt.LoginScreen.<no name provided>'
                CALL 'public final fun invokeSuspend ($result: kotlin.Result<kotlin.Any?>): kotlin.Any? declared in com.example.android.MainActivityKt.LoginScreen.<no name provided>' type=kotlin.Any? origin=null
                  ARG <this>: TYPE_OP type=com.example.android.MainActivityKt.LoginScreen.<no name provided> origin=IMPLICIT_CAST typeOperand=com.example.android.MainActivityKt.LoginScreen.<no name provided>
                    CALL 'public final fun create (value: kotlin.Any?, $completion: kotlin.coroutines.Continuation<kotlin.Nothing>): kotlin.coroutines.Continuation<kotlin.Unit> declared in com.example.android.MainActivityKt.LoginScreen.<no name provided>' type=kotlin.coroutines.Continuation<kotlin.Unit> origin=null
                      ARG <this>: GET_VAR '<this>: com.example.android.MainActivityKt.LoginScreen.<no name provided> declared in com.example.android.MainActivityKt.LoginScreen.<no name provided>.invoke' type=com.example.android.MainActivityKt.LoginScreen.<no name provided> origin=null
                      ARG value: GET_VAR 'p1: kotlinx.coroutines.CoroutineScope declared in com.example.android.MainActivityKt.LoginScreen.<no name provided>.invoke' type=kotlinx.coroutines.CoroutineScope origin=null
                      ARG $completion: GET_VAR 'p2: kotlin.coroutines.Continuation<kotlin.Unit>? declared in com.example.android.MainActivityKt.LoginScreen.<no name provided>.invoke' type=kotlin.coroutines.Continuation<kotlin.Unit>? origin=null
                  ARG $result: CALL 'public final fun <unsafe-coerce> <T, R> (v: T of kotlin.jvm.internal.<unsafe-coerce>): R of kotlin.jvm.internal.<unsafe-coerce> declared in kotlin.jvm.internal' type=kotlin.Result<kotlin.Any?> origin=null
                    TYPE_ARG T: kotlin.Any?
                    TYPE_ARG R: kotlin.Result<kotlin.Any?>
                    ARG v: GET_FIELD 'FIELD FIELD_FOR_OBJECT_INSTANCE name:INSTANCE type:kotlin.Unit visibility:public [final,static] declared in kotlin.Unit' type=kotlin.Unit origin=null
          FIELD FIELD_FOR_CAPTURED_VALUE name:$progresoAnimacion type:androidx.compose.animation.core.Animatable<kotlin.Float, androidx.compose.animation.core.AnimationVector1D> visibility:public/*package*/ [final]
          FIELD FIELD_FOR_CAPTURED_VALUE name:$animacionSpec type:androidx.compose.animation.core.TweenSpec<kotlin.Float> visibility:public/*package*/ [final]
          FUN BRIDGE name:invoke visibility:public modality:OPEN returnType:kotlin.Any?
            VALUE_PARAMETER INSTANCE_RECEIVER kind:DispatchReceiver name:<this> index:0 type:com.example.android.MainActivityKt.LoginScreen.<no name provided>
            VALUE_PARAMETER BRIDGE kind:Regular name:p1 index:1 type:kotlin.Any?
            VALUE_PARAMETER BRIDGE kind:Regular name:p2 index:2 type:kotlin.Any?
            EXPRESSION_BODY
              RETURN type=kotlin.Nothing from='public open fun invoke (p1: kotlin.Any?, p2: kotlin.Any?): kotlin.Any? declared in com.example.android.MainActivityKt.LoginScreen.<no name provided>'
                CALL 'public final fun invoke (p1: kotlinx.coroutines.CoroutineScope, p2: kotlin.coroutines.Continuation<kotlin.Unit>?): kotlin.Any? declared in com.example.android.MainActivityKt.LoginScreen.<no name provided>' type=kotlin.Any? origin=BRIDGE_DELEGATION
                  ARG <this>: GET_VAR '<this>: com.example.android.MainActivityKt.LoginScreen.<no name provided> declared in com.example.android.MainActivityKt.LoginScreen.<no name provided>.invoke' type=com.example.android.MainActivityKt.LoginScreen.<no name provided> origin=null
                  ARG p1: TYPE_OP type=kotlinx.coroutines.CoroutineScope origin=IMPLICIT_CAST typeOperand=kotlinx.coroutines.CoroutineScope
                    GET_VAR 'p1: kotlin.Any? declared in com.example.android.MainActivityKt.LoginScreen.<no name provided>.invoke' type=kotlin.Any? origin=null
                  ARG p2: TYPE_OP type=kotlin.coroutines.Continuation<*> origin=IMPLICIT_CAST typeOperand=kotlin.coroutines.Continuation<*>
                    GET_VAR 'p2: kotlin.Any? declared in com.example.android.MainActivityKt.LoginScreen.<no name provided>.invoke' type=kotlin.Any? origin=null
        CONSTRUCTOR_CALL 'public/*package*/ constructor <init> ($progresoAnimacion: androidx.compose.animation.core.Animatable<kotlin.Float, androidx.compose.animation.core.AnimationVector1D>, $animacionSpec: androidx.compose.animation.core.TweenSpec<kotlin.Float>, $completion: kotlin.coroutines.Continuation<com.example.android.MainActivityKt.LoginScreen.<no name provided>>?) [primary] declared in com.example.android.MainActivityKt.LoginScreen.<no name provided>' type=com.example.android.MainActivityKt.LoginScreen.<no name provided> origin=null
          ARG $progresoAnimacion: GET_VAR 'val progresoAnimacion: androidx.compose.animation.core.Animatable<kotlin.Float, androidx.compose.animation.core.AnimationVector1D> [val] declared in com.example.android.MainActivityKt.LoginScreen' type=androidx.compose.animation.core.Animatable<kotlin.Float, androidx.compose.animation.core.AnimationVector1D> origin=null
          ARG $animacionSpec: GET_VAR 'val animacionSpec: androidx.compose.animation.core.TweenSpec<kotlin.Float> [val] declared in com.example.android.MainActivityKt.LoginScreen' type=androidx.compose.animation.core.TweenSpec<kotlin.Float> origin=null
          ARG $completion: CONST Null type=kotlin.Nothing? value=null
    VAR PROPERTY_DELEGATE name:tamañoLogo$delegate type:androidx.compose.runtime.State<androidx.compose.ui.unit.Dp> [val]
      CALL 'public final fun remember <T> (calculation: @[DisallowComposableCalls] kotlin.Function0<T of androidx.compose.runtime.ComposablesKt.remember>): T of androidx.compose.runtime.ComposablesKt.remember [inline] declared in androidx.compose.runtime.ComposablesKt' type=androidx.compose.runtime.State<androidx.compose.ui.unit.Dp> origin=null
        TYPE_ARG T: androidx.compose.runtime.State<androidx.compose.ui.unit.Dp>
        ARG calculation: BLOCK type=kotlin.Function0<androidx.compose.runtime.State<androidx.compose.ui.unit.Dp>> origin=LAMBDA
          COMPOSITE type=kotlin.Unit origin=null
          FUNCTION_REFERENCE 'private final fun LoginScreen$lambda$7 ($progresoAnimacion: androidx.compose.animation.core.Animatable<kotlin.Float, androidx.compose.animation.core.AnimationVector1D>): androidx.compose.runtime.State<androidx.compose.ui.unit.Dp> declared in com.example.android.MainActivityKt' type=kotlin.Function0<androidx.compose.runtime.State<androidx.compose.ui.unit.Dp>> origin=INLINE_LAMBDA reflectionTarget=null
            ARG $progresoAnimacion: GET_VAR 'val progresoAnimacion: androidx.compose.animation.core.Animatable<kotlin.Float, androidx.compose.animation.core.AnimationVector1D> [val] declared in com.example.android.MainActivityKt.LoginScreen' type=androidx.compose.animation.core.Animatable<kotlin.Float, androidx.compose.animation.core.AnimationVector1D> origin=null
    VAR PROPERTY_DELEGATE name:opacidadFormulario$delegate type:androidx.compose.runtime.State<kotlin.Float> [val]
      CALL 'public final fun remember <T> (calculation: @[DisallowComposableCalls] kotlin.Function0<T of androidx.compose.runtime.ComposablesKt.remember>): T of androidx.compose.runtime.ComposablesKt.remember [inline] declared in androidx.compose.runtime.ComposablesKt' type=androidx.compose.runtime.State<kotlin.Float> origin=null
        TYPE_ARG T: androidx.compose.runtime.State<kotlin.Float>
        ARG calculation: BLOCK type=kotlin.Function0<androidx.compose.runtime.State<kotlin.Float>> origin=LAMBDA
          COMPOSITE type=kotlin.Unit origin=null
          FUNCTION_REFERENCE 'private final fun LoginScreen$lambda$9 ($progresoAnimacion: androidx.compose.animation.core.Animatable<kotlin.Float, androidx.compose.animation.core.AnimationVector1D>): androidx.compose.runtime.State<kotlin.Float> declared in com.example.android.MainActivityKt' type=kotlin.Function0<androidx.compose.runtime.State<kotlin.Float>> origin=INLINE_LAMBDA reflectionTarget=null
            ARG $progresoAnimacion: GET_VAR 'val progresoAnimacion: androidx.compose.animation.core.Animatable<kotlin.Float, androidx.compose.animation.core.AnimationVector1D> [val] declared in com.example.android.MainActivityKt.LoginScreen' type=androidx.compose.animation.core.Animatable<kotlin.Float, androidx.compose.animation.core.AnimationVector1D> origin=null
    VAR PROPERTY_DELEGATE name:desplazamientoYFormulario$delegate type:androidx.compose.runtime.State<androidx.compose.ui.unit.Dp> [val]
      CALL 'public final fun remember <T> (calculation: @[DisallowComposableCalls] kotlin.Function0<T of androidx.compose.runtime.ComposablesKt.remember>): T of androidx.compose.runtime.ComposablesKt.remember [inline] declared in androidx.compose.runtime.ComposablesKt' type=androidx.compose.runtime.State<androidx.compose.ui.unit.Dp> origin=null
        TYPE_ARG T: androidx.compose.runtime.State<androidx.compose.ui.unit.Dp>
        ARG calculation: BLOCK type=kotlin.Function0<androidx.compose.runtime.State<androidx.compose.ui.unit.Dp>> origin=LAMBDA
          COMPOSITE type=kotlin.Unit origin=null
          FUNCTION_REFERENCE 'private final fun LoginScreen$lambda$11 ($progresoAnimacion: androidx.compose.animation.core.Animatable<kotlin.Float, androidx.compose.animation.core.AnimationVector1D>): androidx.compose.runtime.State<androidx.compose.ui.unit.Dp> declared in com.example.android.MainActivityKt' type=kotlin.Function0<androidx.compose.runtime.State<androidx.compose.ui.unit.Dp>> origin=INLINE_LAMBDA reflectionTarget=null
            ARG $progresoAnimacion: GET_VAR 'val progresoAnimacion: androidx.compose.animation.core.Animatable<kotlin.Float, androidx.compose.animation.core.AnimationVector1D> [val] declared in com.example.android.MainActivityKt.LoginScreen' type=androidx.compose.animation.core.Animatable<kotlin.Float, androidx.compose.animation.core.AnimationVector1D> origin=null
    VAR name:density type:androidx.compose.ui.unit.Density [val]
      CALL 'public final fun <get-current> (): T of androidx.compose.runtime.CompositionLocal [inline] declared in androidx.compose.runtime.CompositionLocal' type=androidx.compose.ui.unit.Density origin=GET_PROPERTY
        ARG <this>: TYPE_OP type=androidx.compose.runtime.CompositionLocal<T of androidx.compose.runtime.CompositionLocal> origin=IMPLICIT_CAST typeOperand=androidx.compose.runtime.CompositionLocal<T of androidx.compose.runtime.CompositionLocal>
          CALL 'public final fun <get-LocalDensity> (): androidx.compose.runtime.ProvidableCompositionLocal<androidx.compose.ui.unit.Density> declared in androidx.compose.ui.platform.CompositionLocalsKt' type=androidx.compose.runtime.ProvidableCompositionLocal<androidx.compose.ui.unit.Density> origin=GET_PROPERTY
    VAR PROPERTY_DELEGATE name:logoOffset$delegate type:androidx.compose.runtime.State<androidx.compose.ui.unit.IntOffset> [val]
      CALL 'public final fun remember <T> (key1: kotlin.Any?, key2: kotlin.Any?, calculation: @[DisallowComposableCalls] kotlin.Function0<T of androidx.compose.runtime.ComposablesKt.remember>): T of androidx.compose.runtime.ComposablesKt.remember [inline] declared in androidx.compose.runtime.ComposablesKt' type=androidx.compose.runtime.State<androidx.compose.ui.unit.IntOffset> origin=null
        TYPE_ARG T: androidx.compose.runtime.State<androidx.compose.ui.unit.IntOffset>
        ARG key1: CALL 'public final fun <get-value> (): T of androidx.compose.animation.core.Animatable declared in androidx.compose.animation.core.Animatable' type=kotlin.Float origin=GET_PROPERTY
          ARG <this>: GET_VAR 'val progresoAnimacion: androidx.compose.animation.core.Animatable<kotlin.Float, androidx.compose.animation.core.AnimationVector1D> [val] declared in com.example.android.MainActivityKt.LoginScreen' type=androidx.compose.animation.core.Animatable<kotlin.Float, androidx.compose.animation.core.AnimationVector1D> origin=null
        ARG key2: CALL 'private final fun LoginScreen$lambda$8 ($tamañoLogo$delegate: androidx.compose.runtime.State<androidx.compose.ui.unit.Dp>): androidx.compose.ui.unit.Dp declared in com.example.android.MainActivityKt' type=androidx.compose.ui.unit.Dp origin=GET_LOCAL_PROPERTY
          ARG $tamañoLogo$delegate: GET_VAR 'val tamañoLogo$delegate: androidx.compose.runtime.State<androidx.compose.ui.unit.Dp> [val] declared in com.example.android.MainActivityKt.LoginScreen' type=androidx.compose.runtime.State<androidx.compose.ui.unit.Dp> origin=null
        ARG calculation: BLOCK type=kotlin.Function0<androidx.compose.runtime.State<androidx.compose.ui.unit.IntOffset>> origin=LAMBDA
          COMPOSITE type=kotlin.Unit origin=null
          FUNCTION_REFERENCE 'private final fun LoginScreen$lambda$13 ($density: androidx.compose.ui.unit.Density, $tamañoLogo$delegate: androidx.compose.runtime.State<androidx.compose.ui.unit.Dp>, $progresoAnimacion: androidx.compose.animation.core.Animatable<kotlin.Float, androidx.compose.animation.core.AnimationVector1D>): androidx.compose.runtime.State<androidx.compose.ui.unit.IntOffset> declared in com.example.android.MainActivityKt' type=kotlin.Function0<androidx.compose.runtime.State<androidx.compose.ui.unit.IntOffset>> origin=INLINE_LAMBDA reflectionTarget=null
            ARG $density: GET_VAR 'val density: androidx.compose.ui.unit.Density [val] declared in com.example.android.MainActivityKt.LoginScreen' type=androidx.compose.ui.unit.Density origin=null
            ARG $tamañoLogo$delegate: GET_VAR 'val tamañoLogo$delegate: androidx.compose.runtime.State<androidx.compose.ui.unit.Dp> [val] declared in com.example.android.MainActivityKt.LoginScreen' type=androidx.compose.runtime.State<androidx.compose.ui.unit.Dp> origin=null
            ARG $progresoAnimacion: GET_VAR 'val progresoAnimacion: androidx.compose.animation.core.Animatable<kotlin.Float, androidx.compose.animation.core.AnimationVector1D> [val] declared in com.example.android.MainActivityKt.LoginScreen' type=androidx.compose.animation.core.Animatable<kotlin.Float, androidx.compose.animation.core.AnimationVector1D> origin=null
    CALL 'public final fun Box$default (modifier: androidx.compose.ui.Modifier?, contentAlignment: androidx.compose.ui.Alignment?, propagateMinConstraints: kotlin.Boolean, content: @[Composable] @[ExtensionFunctionType] kotlin.Function1<androidx.compose.foundation.layout.BoxScope, kotlin.Unit>, $mask0: kotlin.Int, $handler: kotlin.Any?): kotlin.Unit [inline] declared in androidx.compose.foundation.layout.BoxKt' type=kotlin.Unit origin=DEFAULT_DISPATCH_CALL
      ARG modifier: CALL 'public final fun background-bw27NRU$default ($this$background: androidx.compose.ui.Modifier, color: androidx.compose.ui.graphics.Color, shape: androidx.compose.ui.graphics.Shape?, $mask0: kotlin.Int, $handler: kotlin.Any?): androidx.compose.ui.Modifier declared in androidx.compose.foundation.BackgroundKt' type=androidx.compose.ui.Modifier origin=DEFAULT_DISPATCH_CALL
        ARG $this$background: CALL 'public final fun fillMaxSize$default (<this>: androidx.compose.ui.Modifier, fraction: kotlin.Float, $mask0: kotlin.Int, $handler: kotlin.Any?): androidx.compose.ui.Modifier declared in androidx.compose.foundation.layout.SizeKt' type=androidx.compose.ui.Modifier origin=DEFAULT_DISPATCH_CALL
          ARG <this>: GET_FIELD 'FIELD FIELD_FOR_OBJECT_INSTANCE name:Companion type:androidx.compose.ui.Modifier.Companion visibility:public [final,static] declared in androidx.compose.ui.Modifier' type=androidx.compose.ui.Modifier.Companion origin=null
          ARG fraction: COMPOSITE type=kotlin.Float origin=DEFAULT_VALUE
            CONST Float type=kotlin.Float value=0.0
          ARG $mask0: CONST Int type=kotlin.Int value=1
          ARG $handler: CONST Null type=kotlin.Any? value=null
        ARG color: CALL 'public final fun Color (color: kotlin.Long): androidx.compose.ui.graphics.Color declared in androidx.compose.ui.graphics.ColorKt' type=androidx.compose.ui.graphics.Color origin=null
          ARG color: CONST Long type=kotlin.Long value=4281245327
        ARG shape: COMPOSITE type=androidx.compose.ui.graphics.Shape? origin=DEFAULT_VALUE
          CONST Null type=androidx.compose.ui.graphics.Shape? value=null
        ARG $mask0: CONST Int type=kotlin.Int value=2
        ARG $handler: CONST Null type=kotlin.Any? value=null
      ARG contentAlignment: COMPOSITE type=androidx.compose.ui.Alignment? origin=DEFAULT_VALUE
        CONST Null type=androidx.compose.ui.Alignment? value=null
      ARG propagateMinConstraints: COMPOSITE type=kotlin.Boolean origin=DEFAULT_VALUE
        CONST Boolean type=kotlin.Boolean value=false
      ARG content: BLOCK type=@[ExtensionFunctionType] kotlin.Function1<androidx.compose.foundation.layout.BoxScope, kotlin.Unit> origin=LAMBDA
        COMPOSITE type=kotlin.Unit origin=null
        FUNCTION_REFERENCE 'private final fun LoginScreen$lambda$29 ($this$Box: androidx.compose.foundation.layout.BoxScope, $tamañoLogo$delegate: androidx.compose.runtime.State<androidx.compose.ui.unit.Dp>, $logoOffset$delegate: androidx.compose.runtime.State<androidx.compose.ui.unit.IntOffset>, $opacidadFormulario$delegate: androidx.compose.runtime.State<kotlin.Float>, $density: androidx.compose.ui.unit.Density, $desplazamientoYFormulario$delegate: androidx.compose.runtime.State<androidx.compose.ui.unit.Dp>, $usuario$delegate: androidx.compose.runtime.MutableState<kotlin.String>, $contrasena$delegate: androidx.compose.runtime.MutableState<kotlin.String>, $onLoginTradicional: kotlin.Function2<kotlin.String, kotlin.String, kotlin.Unit>, $onLoginBiometrico: kotlin.Function0<kotlin.Unit>): kotlin.Unit declared in com.example.android.MainActivityKt' type=@[ExtensionFunctionType] kotlin.Function1<androidx.compose.foundation.layout.BoxScope, kotlin.Unit> origin=INLINE_LAMBDA reflectionTarget=null
          ARG $tamañoLogo$delegate: GET_VAR 'val tamañoLogo$delegate: androidx.compose.runtime.State<androidx.compose.ui.unit.Dp> [val] declared in com.example.android.MainActivityKt.LoginScreen' type=androidx.compose.runtime.State<androidx.compose.ui.unit.Dp> origin=null
          ARG $logoOffset$delegate: GET_VAR 'val logoOffset$delegate: androidx.compose.runtime.State<androidx.compose.ui.unit.IntOffset> [val] declared in com.example.android.MainActivityKt.LoginScreen' type=androidx.compose.runtime.State<androidx.compose.ui.unit.IntOffset> origin=null
          ARG $opacidadFormulario$delegate: GET_VAR 'val opacidadFormulario$delegate: androidx.compose.runtime.State<kotlin.Float> [val] declared in com.example.android.MainActivityKt.LoginScreen' type=androidx.compose.runtime.State<kotlin.Float> origin=null
          ARG $density: GET_VAR 'val density: androidx.compose.ui.unit.Density [val] declared in com.example.android.MainActivityKt.LoginScreen' type=androidx.compose.ui.unit.Density origin=null
          ARG $desplazamientoYFormulario$delegate: GET_VAR 'val desplazamientoYFormulario$delegate: androidx.compose.runtime.State<androidx.compose.ui.unit.Dp> [val] declared in com.example.android.MainActivityKt.LoginScreen' type=androidx.compose.runtime.State<androidx.compose.ui.unit.Dp> origin=null
          ARG $usuario$delegate: GET_VAR 'val usuario$delegate: androidx.compose.runtime.MutableState<kotlin.String> [val] declared in com.example.android.MainActivityKt.LoginScreen' type=androidx.compose.runtime.MutableState<kotlin.String> origin=null
          ARG $contrasena$delegate: GET_VAR 'val contrasena$delegate: androidx.compose.runtime.MutableState<kotlin.String> [val] declared in com.example.android.MainActivityKt.LoginScreen' type=androidx.compose.runtime.MutableState<kotlin.String> origin=null
          ARG $onLoginTradicional: GET_VAR 'onLoginTradicional: kotlin.Function2<kotlin.String, kotlin.String, kotlin.Unit> declared in com.example.android.MainActivityKt.LoginScreen' type=kotlin.Function2<kotlin.String, kotlin.String, kotlin.Unit> origin=null
          ARG $onLoginBiometrico: GET_VAR 'onLoginBiometrico: kotlin.Function0<kotlin.Unit> declared in com.example.android.MainActivityKt.LoginScreen' type=kotlin.Function0<kotlin.Unit> origin=null
      ARG $mask0: CONST Int type=kotlin.Int value=6
      ARG $handler: CONST Null type=kotlin.Any? value=null

	at org.jetbrains.kotlin.backend.jvm.codegen.FunctionCodegen.generate(FunctionCodegen.kt:50)
	at org.jetbrains.kotlin.backend.jvm.codegen.FunctionCodegen.generate$default(FunctionCodegen.kt:43)
	at org.jetbrains.kotlin.backend.jvm.codegen.ClassCodegen.generateMethodNode(ClassCodegen.kt:422)
	at org.jetbrains.kotlin.backend.jvm.codegen.ClassCodegen.generateMethod(ClassCodegen.kt:439)
	at org.jetbrains.kotlin.backend.jvm.codegen.ClassCodegen.generate(ClassCodegen.kt:164)
	at org.jetbrains.kotlin.backend.jvm.JvmIrCodegenFactory.generateFile(JvmIrCodegenFactory.kt:419)
	at org.jetbrains.kotlin.backend.jvm.JvmIrCodegenFactory.invokeCodegen(JvmIrCodegenFactory.kt:388)
	at org.jetbrains.kotlin.cli.jvm.compiler.KotlinToJVMBytecodeCompiler.runCodegen$cli(KotlinToJVMBytecodeCompiler.kt:431)
	at org.jetbrains.kotlin.cli.pipeline.jvm.JvmBackendPipelinePhase.executePhase(JvmBackendPipelinePhase.kt:95)
	at org.jetbrains.kotlin.cli.pipeline.jvm.JvmBackendPipelinePhase.executePhase(JvmBackendPipelinePhase.kt:36)
	at org.jetbrains.kotlin.cli.pipeline.jvm.JvmBackendPipelinePhase.executePhase(JvmBackendPipelinePhase.kt:29)
	at org.jetbrains.kotlin.cli.pipeline.PipelinePhase.phaseBody(PipelinePhase.kt:68)
	at org.jetbrains.kotlin.cli.pipeline.PipelinePhase.phaseBody(PipelinePhase.kt:58)
	at org.jetbrains.kotlin.config.phaser.NamedCompilerPhase.invoke(CompilerPhase.kt:102)
	at org.jetbrains.kotlin.backend.common.phaser.CompositePhase.invoke(PhaseBuilders.kt:22)
	at org.jetbrains.kotlin.config.phaser.CompilerPhaseKt.invokeToplevel(CompilerPhase.kt:53)
	at org.jetbrains.kotlin.cli.pipeline.AbstractCliPipeline.runPhasedPipeline(AbstractCliPipeline.kt:109)
	at org.jetbrains.kotlin.cli.pipeline.AbstractCliPipeline.execute(AbstractCliPipeline.kt:68)
	at org.jetbrains.kotlin.cli.jvm.K2JVMCompiler.doExecutePhased(K2JVMCompiler.kt:78)
	at org.jetbrains.kotlin.cli.jvm.K2JVMCompiler.doExecutePhased(K2JVMCompiler.kt:44)
	at org.jetbrains.kotlin.cli.common.CLICompiler.execImpl(CLICompiler.kt:90)
	at org.jetbrains.kotlin.cli.common.CLICompiler.exec(CLICompiler.kt:352)
	at org.jetbrains.kotlin.incremental.IncrementalJvmCompilerRunnerBase.runCompiler(IncrementalJvmCompilerRunnerBase.kt:175)
	at org.jetbrains.kotlin.incremental.IncrementalJvmCompilerRunnerBase.runCompiler(IncrementalJvmCompilerRunnerBase.kt:38)
	at org.jetbrains.kotlin.incremental.IncrementalCompilerRunner.doCompile(IncrementalCompilerRunner.kt:504)
	at org.jetbrains.kotlin.incremental.IncrementalCompilerRunner.compileImpl(IncrementalCompilerRunner.kt:421)
	at org.jetbrains.kotlin.incremental.IncrementalCompilerRunner.tryCompileIncrementally$lambda$10$compile(IncrementalCompilerRunner.kt:254)
	at org.jetbrains.kotlin.incremental.IncrementalCompilerRunner.tryCompileIncrementally(IncrementalCompilerRunner.kt:272)
	at org.jetbrains.kotlin.incremental.IncrementalCompilerRunner.compile(IncrementalCompilerRunner.kt:124)
	at org.jetbrains.kotlin.daemon.CompileServiceImplBase.execIncrementalCompiler(CompileServiceImpl.kt:679)
	at org.jetbrains.kotlin.daemon.CompileServiceImplBase.access$execIncrementalCompiler(CompileServiceImpl.kt:93)
	at org.jetbrains.kotlin.daemon.CompileServiceImpl.compile(CompileServiceImpl.kt:1806)
	at java.base/jdk.internal.reflect.DirectMethodHandleAccessor.invoke(Unknown Source)
	at java.base/java.lang.reflect.Method.invoke(Unknown Source)
	at java.rmi/sun.rmi.server.UnicastServerRef.dispatch(Unknown Source)
	at java.rmi/sun.rmi.transport.Transport$1.run(Unknown Source)
	at java.rmi/sun.rmi.transport.Transport$1.run(Unknown Source)
	at java.base/java.security.AccessController.doPrivileged(Unknown Source)
	at java.rmi/sun.rmi.transport.Transport.serviceCall(Unknown Source)
	at java.rmi/sun.rmi.transport.tcp.TCPTransport.handleMessages(Unknown Source)
	at java.rmi/sun.rmi.transport.tcp.TCPTransport$ConnectionHandler.run0(Unknown Source)
	at java.rmi/sun.rmi.transport.tcp.TCPTransport$ConnectionHandler.lambda$run$0(Unknown Source)
	at java.base/java.security.AccessController.doPrivileged(Unknown Source)
	at java.rmi/sun.rmi.transport.tcp.TCPTransport$ConnectionHandler.run(Unknown Source)
	at java.base/java.util.concurrent.ThreadPoolExecutor.runWorker(Unknown Source)
	at java.base/java.util.concurrent.ThreadPoolExecutor$Worker.run(Unknown Source)
	at java.base/java.lang.Thread.run(Unknown Source)
Caused by: org.jetbrains.kotlin.codegen.CompilationException: Back-end (JVM) Internal error: Couldn't inline method call: CALL 'public final fun remember <T> (calculation: @[DisallowComposableCalls] kotlin.Function0<T of androidx.compose.runtime.ComposablesKt.remember>): T of androidx.compose.runtime.ComposablesKt.remember [inline] declared in androidx.compose.runtime.ComposablesKt' type=androidx.compose.runtime.MutableState<kotlin.String> origin=null
Method: null
File is unknown
The root cause java.lang.IllegalStateException was thrown at: org.jetbrains.kotlin.codegen.inline.SourceCompilerForInlineKt.getMethodNode(SourceCompilerForInline.kt:129)
	at org.jetbrains.kotlin.backend.jvm.codegen.IrInlineCodegen.genInlineCall(IrInlineCodegen.kt:82)
	at org.jetbrains.kotlin.backend.jvm.codegen.IrInlineCallGenerator.genCall(IrInlineCallGenerator.kt:36)
	at org.jetbrains.kotlin.backend.jvm.codegen.ExpressionCodegen.visitCall(ExpressionCodegen.kt:586)
	at org.jetbrains.kotlin.backend.jvm.codegen.ExpressionCodegen.visitCall(ExpressionCodegen.kt:135)
	at org.jetbrains.kotlin.ir.expressions.IrCall.accept(IrCall.kt:24)
	at org.jetbrains.kotlin.backend.jvm.codegen.ExpressionCodegen.visitVariable(ExpressionCodegen.kt:725)
	at org.jetbrains.kotlin.backend.jvm.codegen.ExpressionCodegen.visitVariable(ExpressionCodegen.kt:135)
	at org.jetbrains.kotlin.ir.declarations.IrVariable.accept(IrVariable.kt:36)
	at org.jetbrains.kotlin.backend.jvm.codegen.ExpressionCodegen.visitStatementContainer(ExpressionCodegen.kt:527)
	at org.jetbrains.kotlin.backend.jvm.codegen.ExpressionCodegen.visitBlockBody(ExpressionCodegen.kt:532)
	at org.jetbrains.kotlin.backend.jvm.codegen.ExpressionCodegen.visitBlockBody(ExpressionCodegen.kt:135)
	at org.jetbrains.kotlin.ir.expressions.IrBlockBody.accept(IrBlockBody.kt:20)
	at org.jetbrains.kotlin.backend.jvm.codegen.ExpressionCodegen.generate(ExpressionCodegen.kt:233)
	at org.jetbrains.kotlin.backend.jvm.codegen.FunctionCodegen.doGenerate(FunctionCodegen.kt:126)
	at org.jetbrains.kotlin.backend.jvm.codegen.FunctionCodegen.generate(FunctionCodegen.kt:47)
	... 46 more
Caused by: java.lang.IllegalStateException: couldn't find inline method Landroidx/compose/runtime/ComposablesKt;.remember(Lkotlin/jvm/functions/Function0;)Ljava/lang/Object;
	at org.jetbrains.kotlin.codegen.inline.SourceCompilerForInlineKt.getMethodNode(SourceCompilerForInline.kt:129)
	at org.jetbrains.kotlin.codegen.inline.SourceCompilerForInlineKt.loadCompiledInlineFunction$lambda$2(SourceCompilerForInline.kt:98)
	at org.jetbrains.kotlin.codegen.inline.InlineCache.computeMethodBytes(InlineCache.kt:90)
	at org.jetbrains.kotlin.codegen.inline.SourceCompilerForInlineKt.loadCompiledInlineFunction(SourceCompilerForInline.kt:93)
	at org.jetbrains.kotlin.backend.jvm.codegen.IrSourceCompilerForInline.compileInlineFunction(IrSourceCompilerForInline.kt:96)
	at org.jetbrains.kotlin.backend.jvm.codegen.IrInlineCodegen.genInlineCall(IrInlineCodegen.kt:65)
	... 60 more


